C:\projects\test2\ServiceTemplate\Web\ClientApp\src\app\core\account.service.js
C:\projects\test2\ServiceTemplate\Web\ClientApp\src\app\app.component.js
C:\projects\test2\ServiceTemplate\Web\ClientApp\src\app\app-routing.module.js
C:\projects\test2\ServiceTemplate\Web\ClientApp\src\app\core\core.module.js
C:\projects\test2\ServiceTemplate\Web\ClientApp\src\app\accounts\add-account\add-account.component.js
C:\projects\test2\ServiceTemplate\Web\ClientApp\src\app\accounts\account-list\account-list.component.js
C:\projects\test2\ServiceTemplate\Web\ClientApp\src\app\accounts\accounts.module.js
C:\projects\test2\ServiceTemplate\Web\ClientApp\src\app\app.module.js
C:\projects\test2\ServiceTemplate\Web\ClientApp\public_api.js
C:\projects\test2\ServiceTemplate\Web\ClientApp\tslint.js
C:\projects\test2\ServiceTemplate\Web\ClientApp\src\main.js
C:\projects\test2\ServiceTemplate\Web\ClientApp\src\polyfills.js
C:\projects\test2\ServiceTemplate\Web\ClientApp\src\test.js
C:\projects\test2\ServiceTemplate\Web\ClientApp\src\vendor.js
C:\projects\test2\ServiceTemplate\Web\ClientApp\e2e\app\app.e2e-spec.js
C:\projects\test2\ServiceTemplate\Web\ClientApp\src\app\app.component.spec.js
C:\projects\test2\ServiceTemplate\Web\ClientApp\src\app\info\info.component.js
C:\projects\test2\ServiceTemplate\Web\ClientApp\src\app\info\info-routing.module.js
C:\projects\test2\ServiceTemplate\Web\ClientApp\src\app\info\info.component.spec.js
C:\projects\test2\ServiceTemplate\Web\ClientApp\src\app\info\info.module.js
C:\projects\test2\ServiceTemplate\Web\ClientApp\src\app\accounts\account-list\account-list.component.spec.js
C:\projects\test2\ServiceTemplate\Web\ClientApp\src\app\accounts\add-account\add-account.component.spec.js
