0 info it worked if it ends with ok
1 verbose cli [ 'C:\\Program Files (x86)\\Microsoft Visual Studio\\2017\\Enterprise\\Web\\External\\Node.exe',
1 verbose cli   'C:\\Program Files (x86)\\Microsoft Visual Studio\\2017\\Enterprise\\Web\\External\\node_modules\\npm\\bin\\npm-cli.js',
1 verbose cli   'run',
1 verbose cli   'run',
1 verbose cli   '--color=always',
1 verbose cli   '-d' ]
2 info using npm@3.3.4
3 info using node@v5.4.1
4 verbose stack Error: ENOENT: no such file or directory, open 'C:\projects\test2\ServiceTemplate\Web\package.json'
4 verbose stack     at Error (native)
5 verbose cwd C:\projects\test2\ServiceTemplate\Web
6 error Windows_NT 10.0.17134
7 error argv "C:\\Program Files (x86)\\Microsoft Visual Studio\\2017\\Enterprise\\Web\\External\\Node.exe" "C:\\Program Files (x86)\\Microsoft Visual Studio\\2017\\Enterprise\\Web\\External\\node_modules\\npm\\bin\\npm-cli.js" "run" "run" "--color=always" "-d"
8 error node v5.4.1
9 error npm  v3.3.4
10 error path C:\projects\test2\ServiceTemplate\Web\package.json
11 error code ENOENT
12 error errno -4058
13 error syscall open
14 error enoent ENOENT: no such file or directory, open 'C:\projects\test2\ServiceTemplate\Web\package.json'
14 error enoent This is most likely not a problem with npm itself
14 error enoent and is related to npm not being able to find a file.
15 verbose exit [ -4058, true ]
